<?xml version="1.0" encoding="UTF-8"?>
<!-- Generated by org.testng.reporters.JUnitXMLReporter -->
<testsuite ignored="0" hostname="DESKTOP-1RFJUAV" failures="3" tests="5" name="Test2" time="24.703" errors="0" timestamp="2021-11-23T01:06:57 PST">
  <testcase classname="Calculator.TestCalculator" name="launchApp" time="20.428"/>
  <testcase classname="Calculator.TestCalculator" name="multiplication" time="0.0">
    <failure type="org.testng.TestNGException" message="
Parameter &amp;apos;multiplication&amp;apos; is required by @Test on method multiplication but has not been marked @Optional or defined
in C:\Users\shree\Desktop\NewProject\TestNG\testng.xml">
      <![CDATA[org.testng.TestNGException: 
Parameter 'multiplication' is required by @Test on method multiplication but has not been marked @Optional or defined
in C:\Users\shree\Desktop\NewProject\TestNG\testng.xml
at java.base/java.util.ArrayList.forEach(ArrayList.java:1511)
... Removed 26 stack frames]]>
    </failure>
  </testcase> <!-- multiplication -->
  <testcase classname="Calculator.TestCalculator" name="division" time="4.245"/>
  <testcase classname="Calculator.TestCalculator" name="add" time="0.0">
    <failure type="org.testng.TestNGException" message="
Parameter &amp;apos;plus&amp;apos; is required by @Test on method add but has not been marked @Optional or defined
in C:\Users\shree\Desktop\NewProject\TestNG\testng.xml">
      <![CDATA[org.testng.TestNGException: 
Parameter 'plus' is required by @Test on method add but has not been marked @Optional or defined
in C:\Users\shree\Desktop\NewProject\TestNG\testng.xml
at java.base/java.util.ArrayList.forEach(ArrayList.java:1511)
... Removed 26 stack frames]]>
    </failure>
  </testcase> <!-- add -->
  <testcase classname="Calculator.TestCalculator" name="sub" time="0.0">
    <failure type="org.testng.TestNGException" message="
Parameter &amp;apos;sub&amp;apos; is required by @Test on method sub but has not been marked @Optional or defined
in C:\Users\shree\Desktop\NewProject\TestNG\testng.xml">
      <![CDATA[org.testng.TestNGException: 
Parameter 'sub' is required by @Test on method sub but has not been marked @Optional or defined
in C:\Users\shree\Desktop\NewProject\TestNG\testng.xml
at java.base/java.util.ArrayList.forEach(ArrayList.java:1511)
... Removed 26 stack frames]]>
    </failure>
  </testcase> <!-- sub -->
</testsuite> <!-- Test2 -->
