<?xml version="1.0" encoding="UTF-8"?>
<!-- Generated by org.testng.reporters.JUnitXMLReporter -->
<testsuite ignored="0" hostname="DESKTOP-1RFJUAV" failures="3" tests="5" name="Test3" time="20.267" errors="0" timestamp="2021-11-23T01:07:17 PST">
  <testcase classname="Calculator.TestCalculator" name="launchApp" time="15.903"/>
  <testcase classname="Calculator.TestCalculator" name="multiplication" time="0.0">
    <failure type="org.testng.TestNGException" message="
Parameter &amp;apos;multiplication&amp;apos; is required by @Test on method multiplication but has not been marked @Optional or defined
in C:\Users\shree\Desktop\NewProject\TestNG\testng.xml">
      <![CDATA[org.testng.TestNGException: 
Parameter 'multiplication' is required by @Test on method multiplication but has not been marked @Optional or defined
in C:\Users\shree\Desktop\NewProject\TestNG\testng.xml
at java.base/java.util.ArrayList.forEach(ArrayList.java:1511)
... Removed 26 stack frames]]>
    </failure>
  </testcase> <!-- multiplication -->
  <testcase classname="Calculator.TestCalculator" name="division" time="0.0">
    <failure type="org.testng.TestNGException" message="
Parameter &amp;apos;division&amp;apos; is required by @Test on method division but has not been marked @Optional or defined
in C:\Users\shree\Desktop\NewProject\TestNG\testng.xml">
      <![CDATA[org.testng.TestNGException: 
Parameter 'division' is required by @Test on method division but has not been marked @Optional or defined
in C:\Users\shree\Desktop\NewProject\TestNG\testng.xml
at java.base/java.util.ArrayList.forEach(ArrayList.java:1511)
... Removed 26 stack frames]]>
    </failure>
  </testcase> <!-- division -->
  <testcase classname="Calculator.TestCalculator" name="add" time="4.335"/>
  <testcase classname="Calculator.TestCalculator" name="sub" time="0.0">
    <failure type="org.testng.TestNGException" message="
Parameter &amp;apos;sub&amp;apos; is required by @Test on method sub but has not been marked @Optional or defined
in C:\Users\shree\Desktop\NewProject\TestNG\testng.xml">
      <![CDATA[org.testng.TestNGException: 
Parameter 'sub' is required by @Test on method sub but has not been marked @Optional or defined
in C:\Users\shree\Desktop\NewProject\TestNG\testng.xml
at java.base/java.util.ArrayList.forEach(ArrayList.java:1511)
... Removed 26 stack frames]]>
    </failure>
  </testcase> <!-- sub -->
</testsuite> <!-- Test3 -->
